Build started 20/03/2015 00:32:45.
     1>Project "C:\Users\Pedro\Documents\GitHub\RavenIAGv2\Buckland_Chapter7 to 10_Raven\Raven.vcxproj" on node 2 (build target(s)).
     1>InitializeBuildStatus:
         Touching ".\Release\Raven.unsuccessfulbuild".
       ClCompile:
         c:\Program Files\Microsoft Visual Studio 10.0\VC\bin\CL.exe /c /Zi /nologo /W3 /WX- /O2 /Ob1 /Oy- /D WIN32 /D NDEBUG /D _WINDOWS /D _VC80_UPGRADE=0x0600 /D _MBCS /GF /Gm- /EHsc /MT /GS /Gy /fp:precise /Zc:wchar_t /Zc:forScope /Fo".\Release/" /Fd".\Release/vc100.pdb" /FR".\Release\\" /Gd /TP /analyze- /errorReport:prompt Raven_Bot.cpp Raven_Bot_X.cpp Raven_Bot_Z.cpp Raven_Game.cpp Raven_Map.cpp goals\Goal_Explore.cpp goals\Goal_FollowPath.cpp goals\Goal_GetItem.cpp goals\Goal_MoveToPosition.cpp goals\Goal_NegotiateDoor.cpp goals\ExploreGoal_Evaluator.cpp goals\Raven_Feature.cpp goals\Goal_SeekToPosition.cpp goals\Goal_TraverseEdge.cpp navigation\Raven_PathPlanner.cpp /Zm200  
         Raven_Bot.cpp
         Raven_Bot_X.cpp
         Raven_Bot_Z.cpp
         Raven_Game.cpp
         Raven_Map.cpp
         Goal_Explore.cpp
         Goal_FollowPath.cpp
         Goal_GetItem.cpp
         Goal_MoveToPosition.cpp
         Goal_NegotiateDoor.cpp
         ExploreGoal_Evaluator.cpp
         Raven_Feature.cpp
         Goal_SeekToPosition.cpp
         Goal_TraverseEdge.cpp
         Raven_PathPlanner.cpp
         Generating Code...
       ResourceCompile:
         All outputs are up-to-date.
       Link:
         c:\Program Files\Microsoft Visual Studio 10.0\VC\bin\link.exe /ERRORREPORT:PROMPT /OUT:".\Release/Raven.exe" /INCREMENTAL:NO /NOLOGO kernel32.lib user32.lib gdi32.lib winspool.lib comdlg32.lib advapi32.lib shell32.lib ole32.lib oleaut32.lib uuid.lib odbc32.lib odbccp32.lib /MANIFEST /ManifestFile:".\Release\Raven.exe.intermediate.manifest" /MANIFESTUAC:"level='asInvoker' uiAccess='false'" /DEBUG /PDB:".\Release/Raven.pdb" /SUBSYSTEM:WINDOWS /TLBID:1 /DYNAMICBASE:NO /IMPLIB:".\Release\Raven.lib" /MACHINE:X86 .\Release\Script1.res
         .\Release/Goal_Think_X.obj
         .\Release/Goal_Think_Z.obj
         .\Release/main.obj
         .\Release/Raven_Bot.obj
         .\Release/Raven_Bot_X.obj
         .\Release/Raven_Bot_Z.obj
         .\Release/Raven_Game.obj
         .\Release/Raven_Map.obj
         .\Release/Raven_Weapon.obj
         .\Release/Weapon_Blaster.obj
         .\Release/Weapon_RailGun.obj
         .\Release/Weapon_RocketLauncher.obj
         .\Release/Weapon_ShotGun.obj
         .\Release/Projectile_Bolt.obj
         .\Release/Projectile_Pellet.obj
         .\Release/Projectile_Rocket.obj
         .\Release/Projectile_Slug.obj
         .\Release/Raven_Projectile.obj
         .\Release/BaseGameEntity.obj
         .\Release/Raven_Scriptor.obj
         .\Release/EntityManager.obj
         .\Release/GraveMarkers.obj
         .\Release/Raven_Door.obj
         .\Release/Raven_UserOptions.obj
         .\Release/Raven_Goal_Types.obj
         .\Release/Goal_AdjustRange.obj
         .\Release/Goal_AttackTarget.obj
         .\Release/Goal_Explore.obj
         .\Release/Goal_FollowPath.obj
         .\Release/Goal_GetItem.obj
         .\Release/Goal_HuntTarget.obj
         .\Release/Goal_MoveToPosition.obj
         .\Release/Goal_NegotiateDoor.obj
         .\Release/Goal_Think.obj
         .\Release/AttackTargetGoal_Evaluator.obj
         .\Release/ExploreGoal_Evaluator.obj
         .\Release/GetHealthGoal_Evaluator.obj
         .\Release/GetWeaponGoal_Evaluator.obj
         .\Release/Raven_Feature.obj
         .\Release/Goal_DodgeSideToSide.obj
         .\Release/Goal_SayPhrase.obj
         .\Release/Goal_SeekToPosition.obj
         .\Release/Goal_TraverseEdge.obj
         .\Release/Goal_Wander.obj
         .\Release/FuzzyModule.obj
         .\Release/FuzzyOperators.obj
         .\Release/FuzzyVariable.obj
         .\Release/FuzzySet_LeftShoulder.obj
         .\Release/FuzzySet_RightShoulder.obj
         .\Release/FuzzySet_Singleton.obj
         .\Release/FuzzySet_Triangle.obj
         .\Release/Raven_PathPlanner.obj
         .\Release/Raven_SteeringBehaviors.obj
         .\Release/MessageDispatcher.obj
         .\Release/Raven_SensoryMemory.obj
         .\Release/Trigger_HealthGiver.obj
         .\Release/Trigger_SoundNotify.obj
         .\Release/Trigger_WeaponGiver.obj
         .\Release/Raven_WeaponSystem.obj
         .\Release/Raven_TargetingSystem.obj
         .\Release/Cgdi.obj
         .\Release/CrudeTimer.obj
         .\Release/DebugConsole.obj
         .\Release/FrameCounter.obj
         .\Release/PrecisionTimer.obj
         .\Release/Vector2d.obj
         .\Release/WindowUtils.obj
         Raven.vcxproj -> C:\Users\Pedro\Documents\GitHub\RavenIAGv2\Buckland_Chapter7 to 10_Raven\.\Release\Raven.exe
       Manifest:
         C:\Program Files\Microsoft SDKs\Windows\v7.0A\bin\mt.exe /nologo /verbose /outputresource:".\Release/Raven.exe;#1" /manifest .\Release\Raven.exe.intermediate.manifest
       BscMake:
         All outputs are up-to-date.
       FinalizeBuildStatus:
         Deleting file ".\Release\Raven.unsuccessfulbuild".
         Touching ".\Release\Raven.lastbuildstate".
     1>Done Building Project "C:\Users\Pedro\Documents\GitHub\RavenIAGv2\Buckland_Chapter7 to 10_Raven\Raven.vcxproj" (build target(s)).

Build succeeded.

Time Elapsed 00:00:29.30
